pan: ltl formula l1
Depth=    1798 States=    1e+06 Transitions= 5.97e+06 Memory=   300.156	t=     2.33 R=   4e+05
Depth=    1798 States=    2e+06 Transitions=  1.2e+07 Memory=   418.613	t=     4.66 R=   4e+05
Depth=    4846 States=    3e+06 Transitions= 1.79e+07 Memory=   537.363	t=     6.86 R=   4e+05
Depth=    4846 States=    4e+06 Transitions=  2.4e+07 Memory=   655.820	t=     9.11 R=   4e+05
Depth=    6730 States=    5e+06 Transitions= 2.99e+07 Memory=   774.472	t=     11.4 R=   4e+05
Depth=    6730 States=    6e+06 Transitions=  3.6e+07 Memory=   893.027	t=     13.8 R=   4e+05
Depth=  227169 States=    7e+06 Transitions=  4.2e+07 Memory=  1030.820	t=     16.4 R=   4e+05
Depth=  381587 States=    8e+06 Transitions= 5.28e+07 Memory=  1264.316	t=     21.5 R=   4e+05
Depth=  381587 States=    9e+06 Transitions= 6.29e+07 Memory=  1501.425	t=     26.3 R=   3e+05
Depth=  381587 States=    1e+07 Transitions= 7.18e+07 Memory=  1716.660	t=     30.6 R=   3e+05
Depth=  381587 States=  1.1e+07 Transitions= 8.15e+07 Memory=  1948.203	t=     35.3 R=   3e+05

(Spin Version 6.5.0 -- 1 July 2019)
	+ Partial Order Reduction

Full statespace search for:
	never claim         	+ (l1)
	assertion violations	+ (if within scope of claim)
	acceptance   cycles 	+ (fairness disabled)
	invalid end states	- (disabled by never claim)

State-vector 268 byte, depth reached 381587, errors: 0
  7804166 states, stored (1.13535e+07 visited)
 74150875 states, matched
 85504349 transitions (= visited+matched)
        0 atomic steps
hash conflicts:  11878770 (resolved)

Stats on memory usage (in Megabytes):
 2203.019	equivalent memory usage for states (stored*(State-vector + overhead))
 1854.110	actual memory usage for states (compression: 84.16%)
         	state-vector as stored = 221 byte + 28 byte overhead
  128.000	memory used for hash table (-w24)
   53.406	memory used for DFS stack (-m1000000)
    4.110	memory lost to fragmentation
 2031.406	total actual memory usage


unreached in proctype TrafficLight
	system.pml:52, state 14, "statuses[(curr-1)] = 1"
	system.pml:53, state 15, "queue[(curr-1)] = 0"
	system.pml:54, state 16, "currentTurn = next"
	system.pml:59, state 21, "firsthirdValue = 0"
	system.pml:63, state 27, "secondValue = 0"
	system.pml:104, state 77, "-end-"
	(6 of 77 states)
unreached in proctype TrafficGenerator
	system.pml:115, state 10, "-end-"
	(1 of 10 states)
unreached in init
	(0 of 8 states)
unreached in claim l1
	_spin_nvr.tmp:64, state 13, "-end-"
	(1 of 13 states)

pan: elapsed time 37.4 seconds
pan: rate 303812.52 states/second
ltl s1: [] (! ((statuses[0]) && (((statuses[2]) || (statuses[3])) || (statuses[4]))))
ltl s2: [] (! ((statuses[1]) && ((statuses[2]) || (statuses[4]))))
ltl s3: [] (! ((statuses[2]) && ((((statuses[0]) || (statuses[1])) || (statuses[4])) || (statuses[5]))))
ltl s4: [] (! ((statuses[3]) && (((statuses[5]) || (statuses[0])) || (statuses[4]))))
ltl s5: [] (! ((statuses[4]) && (((((statuses[2]) || (statuses[1])) || (statuses[3])) || (statuses[0])) || (statuses[5]))))
ltl s6: [] (! ((statuses[5]) && (((statuses[2]) || (statuses[3])) || (statuses[4]))))
ltl l1: [] ((! (((queue[0]==1)) && (! (statuses[0])))) || (<> (statuses[0])))
ltl l2: [] ((! (((queue[1]==1)) && (! (statuses[1])))) || (<> (statuses[1])))
ltl l3: [] ((! (((queue[2]==1)) && (! (statuses[2])))) || (<> (statuses[2])))
ltl l4: [] ((! (((queue[3]==1)) && (! (statuses[3])))) || (<> (statuses[3])))
ltl l5: [] ((! (((queue[4]==1)) && (! (statuses[4])))) || (<> (statuses[4])))
ltl l6: [] ((! (((queue[5]==1)) && (! (statuses[5])))) || (<> (statuses[5])))
ltl f1: [] (<> (! (statuses[0])))
ltl f2: [] (<> (! (statuses[1])))
ltl f3: [] (<> (! (statuses[2])))
ltl f4: [] (<> (! (statuses[3])))
ltl f5: [] (<> (! (statuses[4])))
ltl f6: [] (<> (! (statuses[5])))
  the model contains 18 never claims: f6, f5, f4, f3, f2, f1, l6, l5, l4, l3, l2, l1, s6, s5, s4, s3, s2, s1
  only one claim is used in a verification run
  choose which one with ./pan -a -N name (defaults to -N s1)
  or use e.g.: spin -search -ltl s1 system.pml
